<?xml version="1.0" encoding="UTF-8" ?>
<testsuite failures="0" time="0.223" errors="0" skipped="0" tests="6" name="org.openmrs.web.taglib.RequireTagTest">
  <properties>
[...]
</properties>
  <testcase time="0.05" classname="org.openmrs.web.taglib.RequireTagTest" name="doStartTag_shouldAllowUserToHaveAnyPrivilege"/>
  <testcase time="0.037" classname="org.openmrs.web.taglib.RequireTagTest" name="doStartTag_shouldAllowUserWithAllPrivileges"/>
  <testcase time="0.049" classname="org.openmrs.web.taglib.RequireTagTest" name="doStartTag_shouldAllowUserWithThePrivilege"/>
  <testcase time="0.026" classname="org.openmrs.web.taglib.RequireTagTest" name="doStartTag_shouldRejectUserWithoutAllOfThePrivileges"/>
  <testcase time="0.024" classname="org.openmrs.web.taglib.RequireTagTest" name="doStartTag_shouldRejectUserWithoutAnyOfThePrivileges"/>
  <testcase time="0.018" classname="org.openmrs.web.taglib.RequireTagTest" name="doStartTag_shouldRejectUserWithoutThePrivilege"/>
</testsuite>