<?xml version="1.0" encoding="UTF-8" ?>
<testsuite failures="0" time="0.053" errors="0" skipped="0" tests="3" name="org.openmrs.validator.OrderTypeValidatorTest">
  <properties>
[...]
</properties>
  <testcase time="0.05" classname="org.openmrs.validator.OrderTypeValidatorTest" name="validate_shouldFailValidationIfDescriptionIsNullOrEmptyOrWhitespace"/>
  <testcase time="0" classname="org.openmrs.validator.OrderTypeValidatorTest" name="validate_shouldPassValidationIfAllRequiredFieldsHaveProperValues"/>
  <testcase time="0" classname="org.openmrs.validator.OrderTypeValidatorTest" name="validate_shouldFailValidationIfNameIsNullOrEmptyOrWhitespace"/>
</testsuite>