<?xml version="1.0" encoding="UTF-8" ?>
<testsuite failures="1" time="6.889" errors="0" skipped="4" tests="102" name="org.openmrs.api.PatientServiceTest">
  <properties>
[...]
</properties>
  <testcase time="0.04" classname="org.openmrs.api.PatientServiceTest" name="getAllIdentifierValidators_shouldReturnAllRegisteredIdentifierValidators"/>
  <testcase time="0.041" classname="org.openmrs.api.PatientServiceTest" name="shouldGetPatient">
    <skipped/>
  </testcase>
  <testcase time="0.039" classname="org.openmrs.api.PatientServiceTest" name="shouldCreatePatient"/>
  <testcase time="0.067" classname="org.openmrs.api.PatientServiceTest" name="shouldCreatePatientWithValidatedIdentifier"/>
  <testcase time="0.041" classname="org.openmrs.api.PatientServiceTest" name="shouldGetPatientsByIdentifier"/>
  <testcase time="2.36" classname="org.openmrs.api.PatientServiceTest" name="shouldGetPatientsByNameShouldLimitSize"/>
  <testcase time="0.052" classname="org.openmrs.api.PatientServiceTest" name="shouldFindPatients"/>
  <testcase time="0.032" classname="org.openmrs.api.PatientServiceTest" name="shouldGetPatientsByIdentifierAndIdentifierType"/>
  <testcase time="0.03" classname="org.openmrs.api.PatientServiceTest" name="purgePatientIdentifierType_shouldDeleteTypeFromDatabase"/>
  <testcase time="0.04" classname="org.openmrs.api.PatientServiceTest" name="savePatientIdentifierType_shouldCreateNewType"/>
  <testcase time="0.045" classname="org.openmrs.api.PatientServiceTest" name="savePatientIdentifierType_shouldUpdateExistingType"/>
  <testcase time="0.046" classname="org.openmrs.api.PatientServiceTest" name="shouldAllowGettingPatientsThatWereCreatedByUsersWhoArePatients">
    <skipped/>
  </testcase>
  <testcase time="0.072" classname="org.openmrs.api.PatientServiceTest" name="getPatients_shouldNotAllowPercentageWildcardCharacter"/>
  <testcase time="0.042" classname="org.openmrs.api.PatientServiceTest" name="getPatients_shouldNotAllowAsteriskWildcardCharacter"/>
  <testcase time="0.055" classname="org.openmrs.api.PatientServiceTest" name="getPatients_shouldForceSearchStringToBeGreaterThanMinsearchcharactersGlobalProperty"/>
  <testcase time="0.044" classname="org.openmrs.api.PatientServiceTest" name="getPatients_shouldAllowSearchStringToBeOneAccordingToMinsearchcharactersGlobalProperty"/>
  <testcase time="0.054" classname="org.openmrs.api.PatientServiceTest" name="getPatient_shouldReturnNullObjectIfPatientIdDoesntExist"/>
  <testcase time="0.033" classname="org.openmrs.api.PatientServiceTest" name="mergePatients_shouldNotMergeTheSamePatientToItself"/>
  <testcase time="0.058" classname="org.openmrs.api.PatientServiceTest" name="savePatient_shouldCreateNewPatientFromExistingPersonPlusUserObject"/>
  <testcase time="0.046" classname="org.openmrs.api.PatientServiceTest" name="getPatients_shouldSearchFamilyName2WithName"/>
  <testcase time="0.059" classname="org.openmrs.api.PatientServiceTest" name="savePatient_shouldNotThrowANonUniqueObjectExceptionWhenCalledWithAHandConstructedPatientRegression1375"/>
  <testcase time="0.043" classname="org.openmrs.api.PatientServiceTest" name="shouldFetchNamesForPersonsThatWereFirstFetchedAsPatients"/>
  <testcase time="0.031" classname="org.openmrs.api.PatientServiceTest" name="shouldFetchAddressesForPersonsThatWereFirstFetchedAsPatients"/>
  <testcase time="0.036" classname="org.openmrs.api.PatientServiceTest" name="shouldFetchPersonAttributesForPersonsThatWereFirstFetchedAsPatients"/>
  <testcase time="0.035" classname="org.openmrs.api.PatientServiceTest" name="savePatient_shouldNotThrowANonUniqueObjectExceptionWhenCalledWithAHandConstructedPatient"/>
  <testcase time="0.036" classname="org.openmrs.api.PatientServiceTest" name="isIdentifierInUseByAnotherPatient_shouldIgnoreVoidedPatientIdentifiers"/>
  <testcase time="0.057" classname="org.openmrs.api.PatientServiceTest" name="isIdentifierInUseByAnotherPatient_shouldIgnoreVoidedPatients"/>
  <testcase time="0.169" classname="org.openmrs.api.PatientServiceTest" name="isIdentifierInUseByAnotherPatient_shouldReturnFalseWhenPatientIdentifierContainsAPatientAndNoOtherPatientHasThisId"/>
  <testcase time="0.038" classname="org.openmrs.api.PatientServiceTest" name="isIdentifierInUseByAnotherPatient_shouldReturnFalseWhenPatientIdentifierDoesNotContainAPatientAndNoPatientHasThisId"/>
  <testcase time="0.042" classname="org.openmrs.api.PatientServiceTest" name="isIdentifierInUseByAnotherPatient_shouldReturnTrueWhenPatientIdentifierContainsAPatientAndAnotherPatientHasThisId"/>
  <testcase time="0.035" classname="org.openmrs.api.PatientServiceTest" name="isIdentifierInUseByAnotherPatient_shouldReturnTrueWhenPatientIdentifierDoesNotContainAPatientAndAPatientHasThisId"/>
  <testcase time="0.04" classname="org.openmrs.api.PatientServiceTest" name="checkPatientIdentifiers_shouldIgnoreVoidedPatientIdentifier"/>
  <testcase time="0.03" classname="org.openmrs.api.PatientServiceTest" name="checkPatientIdentifiers_shouldRequireOneNonVoidedPatientIdentifier"/>
  <testcase time="0.044" classname="org.openmrs.api.PatientServiceTest" name="checkPatientIdentifiers_shouldRemoveIdentifierAndThrowErrorWhenPatientHasBlankPatientIdentifier"/>
  <testcase time="0.029" classname="org.openmrs.api.PatientServiceTest" name="checkPatientIdentifiers_shouldThrowErrorWhenPatientHasNullPatientIdentifiers"/>
  <testcase time="0.03" classname="org.openmrs.api.PatientServiceTest" name="checkPatientIdentifiers_shouldThrowErrorWhenPatientHasEmptyPatientIdentifiers"/>
  <testcase time="0.031" classname="org.openmrs.api.PatientServiceTest" name="checkPatientIdentifiers_shouldThrowErrorWhenPatientHasIdenticalIdentifiers">
    <skipped/>
  </testcase>
  <testcase time="0.032" classname="org.openmrs.api.PatientServiceTest" name="checkPatientIdentifiers_shouldThrowErrorWhenPatientDoesNotHaveOneOrMoreRequiredIdentifiers"/>
  <testcase time="0.029" classname="org.openmrs.api.PatientServiceTest" name="getAllIdentifierValidators_shouldReturnAllRegisteredPatientIdentifierValidators"/>
  <testcase time="0.034" classname="org.openmrs.api.PatientServiceTest" name="getAllPatientIdentifierTypes_shouldFetchAllNonRetiredPatientIdentifierTypes"/>
  <testcase time="0.03" classname="org.openmrs.api.PatientServiceTest" name="getAllPatientIdentifierTypes_shouldFetchPatientIdentifierTypesIncludingRetiredWhenIncludeRetiredIsTrue"/>
  <testcase time="0.035" classname="org.openmrs.api.PatientServiceTest" name="getAllPatientIdentifierTypes_shouldFetchPatientIdentifierTypesExcludingRetiredWhenIncludeRetiredIsFalse"/>
  <testcase time="0.029" classname="org.openmrs.api.PatientServiceTest" name="getIdentifierValidator_shouldReturnPatientIdentifierValidatorGivenClassName"/>
  <testcase time="0.041" classname="org.openmrs.api.PatientServiceTest" name="getPatient_shouldFetchPatientWithGivenPatientId"/>
  <testcase time="0.029" classname="org.openmrs.api.PatientServiceTest" name="getPatient_shouldReturnNullWhenPatientWithGivenPatientIdDoesNotExist"/>
  <testcase time="0.034" classname="org.openmrs.api.PatientServiceTest" name="getPatientByExample_shouldFetchPatientMatchingPatientIdOfGivenPatient"/>
  <testcase time="0.03" classname="org.openmrs.api.PatientServiceTest" name="getPatientByExample_shouldNotFetchPatientMatchingAnyOtherPatientInformation"/>
  <testcase time="0.035" classname="org.openmrs.api.PatientServiceTest" name="getPatientByExample_shouldReturnNullWhenNoPatientMatchesGivenPatientToMatch"/>
  <testcase time="0.031" classname="org.openmrs.api.PatientServiceTest" name="getPatientIdentifierType_shouldFetchPatientIdentifierWithGivenPatientIdentifierTypeId"/>
  <testcase time="0.035" classname="org.openmrs.api.PatientServiceTest" name="getPatientIdentifierType_shouldReturnNullWhenPatientIdentifierIdentifierDoesNotExist"/>
  <testcase time="0.036" classname="org.openmrs.api.PatientServiceTest" name="getPatientIdentifierTypeByName_shouldFetchPatientIdentifierTypeThatExactlyMatchesGivenName"/>
  <testcase time="0.041" classname="org.openmrs.api.PatientServiceTest" name="getPatientIdentifierTypeByName_shouldNotReturnPatientIdentifierTypeThatPartiallyMatchesGivenName"/>
  <testcase time="0.048" classname="org.openmrs.api.PatientServiceTest" name="getPatientIdentifierTypeByName_shouldReturnNullWhenPatientIdentifierTypeWithGivenNameDoesNotExist"/>
  <testcase time="0.054" classname="org.openmrs.api.PatientServiceTest" name="getPatientIdentifierTypeByUuid_shouldFetchPatientIdentifierTypeWithGivenUuid"/>
  <testcase time="0.046" classname="org.openmrs.api.PatientServiceTest" name="getPatientIdentifierTypeByUuid_shouldReturnNullWhenPatientIdentifierTypeWithGivenUuidDoesNotExist"/>
  <testcase time="0.054" classname="org.openmrs.api.PatientServiceTest" name="getPatientIdentifierTypes_shouldFetchPatientIdentifierTypesThatMatchGivenNameWithGivenFormat"/>
  <testcase time="0.041" classname="org.openmrs.api.PatientServiceTest" name="getPatientIdentifierTypes_shouldFetchRequiredPatientIdentifierTypesWhenGivenRequiredIsTrue"/>
  <testcase time="0.042" classname="org.openmrs.api.PatientServiceTest" name="getPatientIdentifierTypes_shouldFetchNonRequiredPatientIdentifierTypesWhenGivenRequiredIsFalse"/>
  <testcase time="0.041" classname="org.openmrs.api.PatientServiceTest" name="getPatientIdentifierTypes_shouldFetchAnyPatientIdentifierTypesWhenGivenRequiredIsNull"/>
  <testcase time="0.047" classname="org.openmrs.api.PatientServiceTest" name="getPatientIdentifierTypes_shouldFetchPatientIdentifierTypesWithCheckDigitWhenGivenHasCheckDigitIsTrue"/>
  <testcase time="0.035" classname="org.openmrs.api.PatientServiceTest" name="getPatientIdentifierTypes_shouldFetchPatientIdentifierTypesWithoutCheckDigitWhenGivenHasCheckDigitIsFalse"/>
  <testcase time="0.041" classname="org.openmrs.api.PatientServiceTest" name="getPatientIdentifierTypes_shouldFetchAnyPatientIdentifierTypesWhenGivenHasCheckDigitIsNull"/>
  <testcase time="0.043" classname="org.openmrs.api.PatientServiceTest" name="savePatientIdentifierType_shouldCreateNewPatientIdentifierType"/>
  <testcase time="0.056" classname="org.openmrs.api.PatientServiceTest" name="savePatientIdentifierType_shouldUpdateExistingPatientIdentifierType"/>
  <testcase time="0.051" classname="org.openmrs.api.PatientServiceTest" name="unretirePatientIdentifierType_shouldUntirePatientIdentifierType"/>
  <testcase time="0.097" classname="org.openmrs.api.PatientServiceTest" name="unretirePatientIdentifierType_shouldReturnUnretiredPatientIdentifierType"/>
  <testcase time="0.079" classname="org.openmrs.api.PatientServiceTest" name="unvoidPatient_shouldUnvoidGivenPatient"/>
  <testcase time="0.074" classname="org.openmrs.api.PatientServiceTest" name="unvoidPatient_shouldReturnUnvoidedPatient"/>
  <testcase time="0.061" classname="org.openmrs.api.PatientServiceTest" name="voidPatient_shouldVoidGivenPatientWithGivenReason"/>
  <testcase time="0.037" classname="org.openmrs.api.PatientServiceTest" name="voidPatient_shouldVoidAllPatientIdentifiersAssociatedWithGivenPatient"/>
  <testcase time="0.039" classname="org.openmrs.api.PatientServiceTest" name="voidPatient_shouldReturnVoidedPatientWithGivenReason"/>
  <testcase time="0.04" classname="org.openmrs.api.PatientServiceTest" name="voidPatient_shouldReturnNullWhenPatientIsNull">
    <skipped/>
  </testcase>
  <testcase time="0.033" classname="org.openmrs.api.PatientServiceTest" name="getPatientByUuid_shouldFindObjectGivenValidUuid"/>
  <testcase time="0.031" classname="org.openmrs.api.PatientServiceTest" name="getPatientByUuid_shouldReturnNullIfNoObjectFoundWithGivenUuid"/>
  <testcase time="0.032" classname="org.openmrs.api.PatientServiceTest" name="getPatientIdentifierByUuid_shouldFindObjectGivenValidUuid"/>
  <testcase time="0.032" classname="org.openmrs.api.PatientServiceTest" name="getPatientIdentifierByUuid_shouldReturnNullIfNoObjectFoundWithGivenUuid"/>
  <testcase time="0.03" classname="org.openmrs.api.PatientServiceTest" name="getPatientIdentifierTypeByUuid_shouldFindObjectGivenValidUuid"/>
  <testcase time="0.032" classname="org.openmrs.api.PatientServiceTest" name="getPatientIdentifierTypeByUuid_shouldReturnNullIfNoObjectFoundWithGivenUuid"/>
  <testcase time="0.097" classname="org.openmrs.api.PatientServiceTest" name="mergePatients_shouldCopyNonvoidedAddressesToPreferredPatient"/>
  <testcase time="0.087" classname="org.openmrs.api.PatientServiceTest" name="mergePatients_shouldCopyNonvoidedIdentifiersToPreferredPatient"/>
  <testcase time="0.113" classname="org.openmrs.api.PatientServiceTest" name="mergePatients_shouldCopyNonvoidedNamesToPreferredPatient"/>
  <testcase time="0.049" classname="org.openmrs.api.PatientServiceTest" name="getPatientByUuid_shouldFetchPateintWithGivenUuid"/>
  <testcase time="0.034" classname="org.openmrs.api.PatientServiceTest" name="getPatientByUuid_shouldReturnNullIfPatientNotFoundWithUuid"/>
  <testcase time="0.029" classname="org.openmrs.api.PatientServiceTest" name="getPatientIdentifierByUuid_shouldFetchPatientIdentifierWithGivenUuid"/>
  <testcase time="0.032" classname="org.openmrs.api.PatientServiceTest" name="getPatientIdentifierByUuid_shouldReturnNullIfPatientIdentifierNotFoundWithGivenUuid"/>
  <testcase time="0.099" classname="org.openmrs.api.PatientServiceTest" name="mergePatients_shouldNotCopyOverRelationshipsThatAreOnlyBetweenThePreferredAndNotpreferredPatient"/>
  <testcase time="0.036" classname="org.openmrs.api.PatientServiceTest" name="getPatientIdentifiers_shouldReturnOnlyNonVoidedPatientsAndPatientIdentifiers"/>
  <testcase time="0.044" classname="org.openmrs.api.PatientServiceTest" name="getPatients_shouldSupportSimpleRegex"/>
  <testcase time="0.066" classname="org.openmrs.api.PatientServiceTest" name="getPatients_shouldSupportPatternUsingLastDigitAsCheckDigit"/>
  <testcase time="0.036" classname="org.openmrs.api.PatientServiceTest" name="getPatientIdentifier_shouldReturnThePatientsIdentifier"/>
  <testcase time="0.036" classname="org.openmrs.api.PatientServiceTest" name="voidPatientIdentifier_shouldVoidGivenPatientIdentifierWithGivenReason"/>
  <testcase time="0.036" classname="org.openmrs.api.PatientServiceTest" name="savePatientIdentifier_shouldCreateNewPatientIndentifier"/>
  <testcase time="0.034" classname="org.openmrs.api.PatientServiceTest" name="savePatientIdentifier_shouldUpdateAnExistingPatientIdentifier"/>
  <testcase time="0.034" classname="org.openmrs.api.PatientServiceTest" name="purgePatientIdentifier_shouldDeletePatientIdentifierFromDatabase"/>
  <testcase time="0.031" classname="org.openmrs.api.PatientServiceTest" name="savePatientIdentifier_shouldThrowAnAPIExceptionWhenANullArgumentIsPassed"/>
  <testcase time="0.034" classname="org.openmrs.api.PatientServiceTest" name="savePatientIdentifier_shouldThrowAnAPIExceptionWhenOneOfTheRequiredFieldsIsNull"/>
  <testcase time="0.031" classname="org.openmrs.api.PatientServiceTest" name="savePatientIdentifier_shouldThrowAnAPIExceptionIfThePatientIdentifierStringIsAWhiteSpace"/>
  <testcase time="0.032" classname="org.openmrs.api.PatientServiceTest" name="savePatientIdentifier_shouldThrowAnAPIExceptionIfThePatientIdentifierStringIsAnEmptyString"/>
  <testcase time="0.029" classname="org.openmrs.api.PatientServiceTest" name="voidPatientIdentifier_shouldThrowAnAPIExceptionIfTheReasonIsNull"/>
  <testcase time="0.032" classname="org.openmrs.api.PatientServiceTest" name="voidPatientIdentifier_shouldThrowAnAPIExceptionIfTheReasonIsAnEmptyString"/>
  <testcase time="0.03" classname="org.openmrs.api.PatientServiceTest" name="voidPatientIdentifier_shouldThrowAnAPIExceptionIfTheReasonIsAWhiteSpaceCharacter"/>
  <testcase time="0.115" classname="org.openmrs.api.PatientServiceTest" name="searchPatient_shouldThrowAnAPIExceptionIftheGivenNameIsNull">
    <failure message="expected:&lt;1&gt; but was:&lt;0&gt;" type="java.lang.AssertionError">java.lang.AssertionError: expected:&lt;1&gt; but was:&lt;0&gt;
	at org.junit.Assert.fail(Assert.java:74)
	at org.junit.Assert.failNotEquals(Assert.java:448)
	at org.junit.Assert.assertEquals(Assert.java:102)
	at org.junit.Assert.assertEquals(Assert.java:323)
	at org.junit.Assert.assertEquals(Assert.java:319)
	at org.openmrs.api.PatientServiceTest.searchPatient_shouldThrowAnAPIExceptionIftheGivenNameIsNull(PatientServiceTest.java:1928)
	at sun.reflect.NativeMethodAccessorImpl.invoke0(Native Method)
	at sun.reflect.NativeMethodAccessorImpl.invoke(NativeMethodAccessorImpl.java:39)
	at sun.reflect.DelegatingMethodAccessorImpl.invoke(DelegatingMethodAccessorImpl.java:25)
	at java.lang.reflect.Method.invoke(Method.java:597)
	at org.springframework.test.context.junit4.SpringTestMethod.invoke(SpringTestMethod.java:160)
	at org.springframework.test.context.junit4.SpringMethodRoadie.runTestMethod(SpringMethodRoadie.java:233)
	at org.springframework.test.context.junit4.SpringMethodRoadie$RunBeforesThenTestThenAfters.run(SpringMethodRoadie.java:333)
	at org.springframework.test.context.junit4.SpringMethodRoadie.runWithRepetitions(SpringMethodRoadie.java:217)
	at org.springframework.test.context.junit4.SpringMethodRoadie.runTest(SpringMethodRoadie.java:197)
	at org.springframework.test.context.junit4.SpringMethodRoadie.run(SpringMethodRoadie.java:143)
	at org.springframework.test.context.junit4.SpringJUnit4ClassRunner.invokeTestMethod(SpringJUnit4ClassRunner.java:160)
	at org.junit.internal.runners.JUnit4ClassRunner.runMethods(JUnit4ClassRunner.java:51)
	at org.junit.internal.runners.JUnit4ClassRunner$1.run(JUnit4ClassRunner.java:44)
	at org.junit.internal.runners.ClassRoadie.runUnprotected(ClassRoadie.java:27)
	at org.junit.internal.runners.ClassRoadie.runProtected(ClassRoadie.java:37)
	at org.junit.internal.runners.JUnit4ClassRunner.run(JUnit4ClassRunner.java:42)
	at org.springframework.test.context.junit4.SpringJUnit4ClassRunner.run(SpringJUnit4ClassRunner.java:97)
	at org.apache.maven.surefire.junit4.JUnit4TestSet.execute(JUnit4TestSet.java:62)
	at org.apache.maven.surefire.suite.AbstractDirectoryTestSuite.executeTestSet(AbstractDirectoryTestSuite.java:140)
	at org.apache.maven.surefire.suite.AbstractDirectoryTestSuite.execute(AbstractDirectoryTestSuite.java:127)
	at org.apache.maven.surefire.Surefire.run(Surefire.java:177)
	at sun.reflect.NativeMethodAccessorImpl.invoke0(Native Method)
	at sun.reflect.NativeMethodAccessorImpl.invoke(NativeMethodAccessorImpl.java:39)
	at sun.reflect.DelegatingMethodAccessorImpl.invoke(DelegatingMethodAccessorImpl.java:25)
	at java.lang.reflect.Method.invoke(Method.java:597)
	at org.apache.maven.surefire.booter.SurefireBooter.runSuitesInProcess(SurefireBooter.java:345)
	at org.apache.maven.surefire.booter.SurefireBooter.main(SurefireBooter.java:1009)
</failure>
  </testcase>
</testsuite>